[2023-05-11 12:30:12.644] [INFO] com.cw.MonitoringSystem.udpHandle(MonitoringSystem.java:60) - Generator: 0 tasks generated
[2023-05-11 12:30:12.647] [INFO] com.cw.MonitoringSystem.udpHandle(MonitoringSystem.java:61) - ------------------------------------------------
[2023-05-11 12:30:12.651] [INFO] com.cw.MonitoringSystem.udpHandle(MonitoringSystem.java:70) - Validator: Thu May 11 04:29:19 UTC 2023 total tasks:  0, after sampling 0 tasks are correct while 0 are wrong
[2023-05-11 12:30:12.652] [INFO] com.cw.MonitoringSystem.udpHandle(MonitoringSystem.java:71) - *************************************************
[2023-05-11 12:30:12.671] [INFO] com.cw.MonitoringSystem.udpHandle(MonitoringSystem.java:65) - Executor: 0 tasks completed. EXE TPS is 0.0. Waiting queue: 0. Tasks Pool size: 208
[2023-05-11 12:30:12.672] [INFO] com.cw.MonitoringSystem.udpHandle(MonitoringSystem.java:66) - =================================================
[2023-05-11 12:31:12.642] [INFO] com.cw.MonitoringSystem.udpHandle(MonitoringSystem.java:60) - Generator: 150036480 tasks generated
[2023-05-11 12:31:12.644] [INFO] com.cw.MonitoringSystem.udpHandle(MonitoringSystem.java:61) - ------------------------------------------------
[2023-05-11 12:31:12.649] [INFO] com.cw.MonitoringSystem.udpHandle(MonitoringSystem.java:70) - Validator: Thu May 11 04:30:19 UTC 2023 total tasks:  136394752, after sampling 100 tasks are correct while 0 are wrong
[2023-05-11 12:31:12.650] [INFO] com.cw.MonitoringSystem.udpHandle(MonitoringSystem.java:71) - *************************************************
[2023-05-11 12:31:12.675] [INFO] com.cw.MonitoringSystem.udpHandle(MonitoringSystem.java:65) - Executor: 136437760 tasks completed. EXE TPS is 2273962.6666666665. Waiting queue: 6756. Tasks Pool size: 736
[2023-05-11 12:31:12.675] [INFO] com.cw.MonitoringSystem.udpHandle(MonitoringSystem.java:66) - =================================================
[2023-05-11 12:32:12.643] [INFO] com.cw.MonitoringSystem.udpHandle(MonitoringSystem.java:60) - Generator: 150036480 tasks generated
[2023-05-11 12:32:12.646] [INFO] com.cw.MonitoringSystem.udpHandle(MonitoringSystem.java:61) - ------------------------------------------------
[2023-05-11 12:32:12.650] [INFO] com.cw.MonitoringSystem.udpHandle(MonitoringSystem.java:70) - Validator: Thu May 11 04:31:19 UTC 2023 total tasks:  136503296, after sampling 100 tasks are correct while 0 are wrong
[2023-05-11 12:32:12.651] [INFO] com.cw.MonitoringSystem.udpHandle(MonitoringSystem.java:71) - *************************************************
[2023-05-11 12:32:12.670] [INFO] com.cw.MonitoringSystem.udpHandle(MonitoringSystem.java:65) - Executor: 136501248 tasks completed. EXE TPS is 2275020.8. Waiting queue: 13365. Tasks Pool size: 735
[2023-05-11 12:32:12.670] [INFO] com.cw.MonitoringSystem.udpHandle(MonitoringSystem.java:66) - =================================================
[2023-05-11 12:33:12.642] [INFO] com.cw.MonitoringSystem.udpHandle(MonitoringSystem.java:60) - Generator: 150036480 tasks generated
[2023-05-11 12:33:12.644] [INFO] com.cw.MonitoringSystem.udpHandle(MonitoringSystem.java:61) - ------------------------------------------------
[2023-05-11 12:33:12.650] [INFO] com.cw.MonitoringSystem.udpHandle(MonitoringSystem.java:70) - Validator: Thu May 11 04:32:19 UTC 2023 total tasks:  136443904, after sampling 100 tasks are correct while 0 are wrong
[2023-05-11 12:33:12.651] [INFO] com.cw.MonitoringSystem.udpHandle(MonitoringSystem.java:71) - *************************************************
[2023-05-11 12:33:12.669] [INFO] com.cw.MonitoringSystem.udpHandle(MonitoringSystem.java:65) - Executor: 136450048 tasks completed. EXE TPS is 2274167.466666667. Waiting queue: 19997. Tasks Pool size: 726
[2023-05-11 12:33:12.670] [INFO] com.cw.MonitoringSystem.udpHandle(MonitoringSystem.java:66) - =================================================
[2023-05-11 12:34:12.643] [INFO] com.cw.MonitoringSystem.udpHandle(MonitoringSystem.java:60) - Generator: 150036480 tasks generated
[2023-05-11 12:34:12.643] [INFO] com.cw.MonitoringSystem.udpHandle(MonitoringSystem.java:61) - ------------------------------------------------
[2023-05-11 12:34:12.650] [INFO] com.cw.MonitoringSystem.udpHandle(MonitoringSystem.java:70) - Validator: Thu May 11 04:33:19 UTC 2023 total tasks:  137039872, after sampling 100 tasks are correct while 0 are wrong
[2023-05-11 12:34:12.651] [INFO] com.cw.MonitoringSystem.udpHandle(MonitoringSystem.java:71) - *************************************************
[2023-05-11 12:34:12.670] [INFO] com.cw.MonitoringSystem.udpHandle(MonitoringSystem.java:65) - Executor: 137056256 tasks completed. EXE TPS is 2284270.933333333. Waiting queue: 26312. Tasks Pool size: 737
[2023-05-11 12:34:12.671] [INFO] com.cw.MonitoringSystem.udpHandle(MonitoringSystem.java:66) - =================================================
[2023-05-11 12:35:12.644] [INFO] com.cw.MonitoringSystem.udpHandle(MonitoringSystem.java:60) - Generator: 150036480 tasks generated
[2023-05-11 12:35:12.649] [INFO] com.cw.MonitoringSystem.udpHandle(MonitoringSystem.java:61) - ------------------------------------------------
[2023-05-11 12:35:12.653] [INFO] com.cw.MonitoringSystem.udpHandle(MonitoringSystem.java:70) - Validator: Thu May 11 04:34:19 UTC 2023 total tasks:  136126464, after sampling 100 tasks are correct while 0 are wrong
[2023-05-11 12:35:12.654] [INFO] com.cw.MonitoringSystem.udpHandle(MonitoringSystem.java:71) - *************************************************
[2023-05-11 12:35:12.671] [INFO] com.cw.MonitoringSystem.udpHandle(MonitoringSystem.java:65) - Executor: 136110080 tasks completed. EXE TPS is 2268501.3333333335. Waiting queue: 33123. Tasks Pool size: 753
[2023-05-11 12:35:12.671] [INFO] com.cw.MonitoringSystem.udpHandle(MonitoringSystem.java:66) - =================================================
[2023-05-11 12:36:12.645] [INFO] com.cw.MonitoringSystem.udpHandle(MonitoringSystem.java:60) - Generator: 150036480 tasks generated
[2023-05-11 12:36:12.647] [INFO] com.cw.MonitoringSystem.udpHandle(MonitoringSystem.java:61) - ------------------------------------------------
[2023-05-11 12:36:12.652] [INFO] com.cw.MonitoringSystem.udpHandle(MonitoringSystem.java:70) - Validator: Thu May 11 04:35:19 UTC 2023 total tasks:  136847360, after sampling 100 tasks are correct while 0 are wrong
[2023-05-11 12:36:12.652] [INFO] com.cw.MonitoringSystem.udpHandle(MonitoringSystem.java:71) - *************************************************
[2023-05-11 12:36:12.671] [INFO] com.cw.MonitoringSystem.udpHandle(MonitoringSystem.java:65) - Executor: 136833024 tasks completed. EXE TPS is 2280550.4. Waiting queue: 39576. Tasks Pool size: 730
[2023-05-11 12:36:12.671] [INFO] com.cw.MonitoringSystem.udpHandle(MonitoringSystem.java:66) - =================================================
[2023-05-11 12:37:12.644] [INFO] com.cw.MonitoringSystem.udpHandle(MonitoringSystem.java:60) - Generator: 150036480 tasks generated
[2023-05-11 12:37:12.645] [INFO] com.cw.MonitoringSystem.udpHandle(MonitoringSystem.java:61) - ------------------------------------------------
[2023-05-11 12:37:12.651] [INFO] com.cw.MonitoringSystem.udpHandle(MonitoringSystem.java:70) - Validator: Thu May 11 04:36:19 UTC 2023 total tasks:  137039872, after sampling 100 tasks are correct while 0 are wrong
[2023-05-11 12:37:12.652] [INFO] com.cw.MonitoringSystem.udpHandle(MonitoringSystem.java:71) - *************************************************
[2023-05-11 12:37:12.674] [INFO] com.cw.MonitoringSystem.udpHandle(MonitoringSystem.java:65) - Executor: 137050112 tasks completed. EXE TPS is 2284168.533333333. Waiting queue: 40221. Tasks Pool size: 739
[2023-05-11 12:37:12.674] [INFO] com.cw.MonitoringSystem.udpHandle(MonitoringSystem.java:66) - =================================================
[2023-05-11 12:38:12.645] [INFO] com.cw.MonitoringSystem.udpHandle(MonitoringSystem.java:60) - Generator: 150036480 tasks generated
[2023-05-11 12:38:12.645] [INFO] com.cw.MonitoringSystem.udpHandle(MonitoringSystem.java:61) - ------------------------------------------------
[2023-05-11 12:38:12.652] [INFO] com.cw.MonitoringSystem.udpHandle(MonitoringSystem.java:70) - Validator: Thu May 11 04:37:19 UTC 2023 total tasks:  137351168, after sampling 100 tasks are correct while 0 are wrong
[2023-05-11 12:38:12.652] [INFO] com.cw.MonitoringSystem.udpHandle(MonitoringSystem.java:71) - *************************************************
[2023-05-11 12:38:12.672] [INFO] com.cw.MonitoringSystem.udpHandle(MonitoringSystem.java:65) - Executor: 137353216 tasks completed. EXE TPS is 2289220.2666666666. Waiting queue: 40207. Tasks Pool size: 753
[2023-05-11 12:38:12.673] [INFO] com.cw.MonitoringSystem.udpHandle(MonitoringSystem.java:66) - =================================================
[2023-05-11 12:39:12.645] [INFO] com.cw.MonitoringSystem.udpHandle(MonitoringSystem.java:60) - Generator: 150036480 tasks generated
[2023-05-11 12:39:12.646] [INFO] com.cw.MonitoringSystem.udpHandle(MonitoringSystem.java:61) - ------------------------------------------------
[2023-05-11 12:39:12.652] [INFO] com.cw.MonitoringSystem.udpHandle(MonitoringSystem.java:70) - Validator: Thu May 11 04:38:19 UTC 2023 total tasks:  137478144, after sampling 100 tasks are correct while 0 are wrong
[2023-05-11 12:39:12.653] [INFO] com.cw.MonitoringSystem.udpHandle(MonitoringSystem.java:71) - *************************************************
[2023-05-11 12:39:12.673] [INFO] com.cw.MonitoringSystem.udpHandle(MonitoringSystem.java:65) - Executor: 137480192 tasks completed. EXE TPS is 2291336.533333333. Waiting queue: 40215. Tasks Pool size: 745
[2023-05-11 12:39:12.673] [INFO] com.cw.MonitoringSystem.udpHandle(MonitoringSystem.java:66) - =================================================
[2023-05-11 12:40:12.647] [INFO] com.cw.MonitoringSystem.udpHandle(MonitoringSystem.java:60) - Generator: 150036480 tasks generated
[2023-05-11 12:40:12.649] [INFO] com.cw.MonitoringSystem.udpHandle(MonitoringSystem.java:61) - ------------------------------------------------
[2023-05-11 12:40:12.654] [INFO] com.cw.MonitoringSystem.udpHandle(MonitoringSystem.java:70) - Validator: Thu May 11 04:39:19 UTC 2023 total tasks:  137156608, after sampling 100 tasks are correct while 0 are wrong
[2023-05-11 12:40:12.655] [INFO] com.cw.MonitoringSystem.udpHandle(MonitoringSystem.java:71) - *************************************************
[2023-05-11 12:40:12.673] [INFO] com.cw.MonitoringSystem.udpHandle(MonitoringSystem.java:65) - Executor: 137158656 tasks completed. EXE TPS is 2285977.6. Waiting queue: 40223. Tasks Pool size: 737
[2023-05-11 12:40:12.673] [INFO] com.cw.MonitoringSystem.udpHandle(MonitoringSystem.java:66) - =================================================
[2023-05-11 12:41:12.647] [INFO] com.cw.MonitoringSystem.udpHandle(MonitoringSystem.java:60) - Generator: 150036480 tasks generated
[2023-05-11 12:41:12.647] [INFO] com.cw.MonitoringSystem.udpHandle(MonitoringSystem.java:61) - ------------------------------------------------
[2023-05-11 12:41:12.654] [INFO] com.cw.MonitoringSystem.udpHandle(MonitoringSystem.java:70) - Validator: Thu May 11 04:40:19 UTC 2023 total tasks:  136933376, after sampling 100 tasks are correct while 0 are wrong
[2023-05-11 12:41:12.654] [INFO] com.cw.MonitoringSystem.udpHandle(MonitoringSystem.java:71) - *************************************************
[2023-05-11 12:41:12.677] [INFO] com.cw.MonitoringSystem.udpHandle(MonitoringSystem.java:65) - Executor: 136931328 tasks completed. EXE TPS is 2282188.8. Waiting queue: 40216. Tasks Pool size: 744
[2023-05-11 12:41:12.677] [INFO] com.cw.MonitoringSystem.udpHandle(MonitoringSystem.java:66) - =================================================
[2023-05-11 12:42:12.647] [INFO] com.cw.MonitoringSystem.udpHandle(MonitoringSystem.java:60) - Generator: 150036480 tasks generated
[2023-05-11 12:42:12.650] [INFO] com.cw.MonitoringSystem.udpHandle(MonitoringSystem.java:61) - ------------------------------------------------
[2023-05-11 12:42:12.657] [INFO] com.cw.MonitoringSystem.udpHandle(MonitoringSystem.java:70) - Validator: Thu May 11 04:41:19 UTC 2023 total tasks:  137216000, after sampling 100 tasks are correct while 0 are wrong
[2023-05-11 12:42:12.658] [INFO] com.cw.MonitoringSystem.udpHandle(MonitoringSystem.java:71) - *************************************************
[2023-05-11 12:42:12.673] [INFO] com.cw.MonitoringSystem.udpHandle(MonitoringSystem.java:65) - Executor: 137207808 tasks completed. EXE TPS is 2286796.8. Waiting queue: 40190. Tasks Pool size: 770
[2023-05-11 12:42:12.674] [INFO] com.cw.MonitoringSystem.udpHandle(MonitoringSystem.java:66) - =================================================
[2023-05-11 12:43:12.648] [INFO] com.cw.MonitoringSystem.udpHandle(MonitoringSystem.java:60) - Generator: 150036480 tasks generated
[2023-05-11 12:43:12.649] [INFO] com.cw.MonitoringSystem.udpHandle(MonitoringSystem.java:61) - ------------------------------------------------
[2023-05-11 12:43:12.654] [INFO] com.cw.MonitoringSystem.udpHandle(MonitoringSystem.java:70) - Validator: Thu May 11 04:42:19 UTC 2023 total tasks:  137535488, after sampling 100 tasks are correct while 0 are wrong
[2023-05-11 12:43:12.655] [INFO] com.cw.MonitoringSystem.udpHandle(MonitoringSystem.java:71) - *************************************************
[2023-05-11 12:43:12.674] [INFO] com.cw.MonitoringSystem.udpHandle(MonitoringSystem.java:65) - Executor: 137539584 tasks completed. EXE TPS is 2292326.4. Waiting queue: 40179. Tasks Pool size: 781
[2023-05-11 12:43:12.674] [INFO] com.cw.MonitoringSystem.udpHandle(MonitoringSystem.java:66) - =================================================
[2023-05-11 12:44:12.648] [INFO] com.cw.MonitoringSystem.udpHandle(MonitoringSystem.java:60) - Generator: 150036480 tasks generated
[2023-05-11 12:44:12.649] [INFO] com.cw.MonitoringSystem.udpHandle(MonitoringSystem.java:61) - ------------------------------------------------
[2023-05-11 12:44:12.655] [INFO] com.cw.MonitoringSystem.udpHandle(MonitoringSystem.java:70) - Validator: Thu May 11 04:43:19 UTC 2023 total tasks:  137246720, after sampling 100 tasks are correct while 0 are wrong
[2023-05-11 12:44:12.655] [INFO] com.cw.MonitoringSystem.udpHandle(MonitoringSystem.java:71) - *************************************************
[2023-05-11 12:44:12.675] [INFO] com.cw.MonitoringSystem.udpHandle(MonitoringSystem.java:65) - Executor: 137250816 tasks completed. EXE TPS is 2287513.6. Waiting queue: 40222. Tasks Pool size: 738
[2023-05-11 12:44:12.675] [INFO] com.cw.MonitoringSystem.udpHandle(MonitoringSystem.java:66) - =================================================
[2023-05-11 12:45:12.649] [INFO] com.cw.MonitoringSystem.udpHandle(MonitoringSystem.java:60) - Generator: 150036480 tasks generated
[2023-05-11 12:45:12.650] [INFO] com.cw.MonitoringSystem.udpHandle(MonitoringSystem.java:61) - ------------------------------------------------
[2023-05-11 12:45:12.655] [INFO] com.cw.MonitoringSystem.udpHandle(MonitoringSystem.java:70) - Validator: Thu May 11 04:44:19 UTC 2023 total tasks:  137957376, after sampling 100 tasks are correct while 0 are wrong
[2023-05-11 12:45:12.656] [INFO] com.cw.MonitoringSystem.udpHandle(MonitoringSystem.java:71) - *************************************************
[2023-05-11 12:45:12.675] [INFO] com.cw.MonitoringSystem.udpHandle(MonitoringSystem.java:65) - Executor: 137953280 tasks completed. EXE TPS is 2299221.3333333335. Waiting queue: 40221. Tasks Pool size: 739
[2023-05-11 12:45:12.676] [INFO] com.cw.MonitoringSystem.udpHandle(MonitoringSystem.java:66) - =================================================
[2023-05-11 12:46:12.649] [INFO] com.cw.MonitoringSystem.udpHandle(MonitoringSystem.java:60) - Generator: 150036480 tasks generated
[2023-05-11 12:46:12.649] [INFO] com.cw.MonitoringSystem.udpHandle(MonitoringSystem.java:61) - ------------------------------------------------
[2023-05-11 12:46:12.655] [INFO] com.cw.MonitoringSystem.udpHandle(MonitoringSystem.java:70) - Validator: Thu May 11 04:45:19 UTC 2023 total tasks:  137793536, after sampling 100 tasks are correct while 0 are wrong
[2023-05-11 12:46:12.655] [INFO] com.cw.MonitoringSystem.udpHandle(MonitoringSystem.java:71) - *************************************************
[2023-05-11 12:46:12.676] [INFO] com.cw.MonitoringSystem.udpHandle(MonitoringSystem.java:65) - Executor: 137793536 tasks completed. EXE TPS is 2296558.933333333. Waiting queue: 40221. Tasks Pool size: 739
[2023-05-11 12:46:12.677] [INFO] com.cw.MonitoringSystem.udpHandle(MonitoringSystem.java:66) - =================================================
[2023-05-11 12:47:12.650] [INFO] com.cw.MonitoringSystem.udpHandle(MonitoringSystem.java:60) - Generator: 150036480 tasks generated
[2023-05-11 12:47:12.653] [INFO] com.cw.MonitoringSystem.udpHandle(MonitoringSystem.java:61) - ------------------------------------------------
[2023-05-11 12:47:12.657] [INFO] com.cw.MonitoringSystem.udpHandle(MonitoringSystem.java:70) - Validator: Thu May 11 04:46:19 UTC 2023 total tasks:  137375744, after sampling 100 tasks are correct while 0 are wrong
[2023-05-11 12:47:12.658] [INFO] com.cw.MonitoringSystem.udpHandle(MonitoringSystem.java:71) - *************************************************
[2023-05-11 12:47:12.676] [INFO] com.cw.MonitoringSystem.udpHandle(MonitoringSystem.java:65) - Executor: 137377792 tasks completed. EXE TPS is 2289629.8666666667. Waiting queue: 40219. Tasks Pool size: 740
[2023-05-11 12:47:12.677] [INFO] com.cw.MonitoringSystem.udpHandle(MonitoringSystem.java:66) - =================================================
[2023-05-11 12:48:12.651] [INFO] com.cw.MonitoringSystem.udpHandle(MonitoringSystem.java:60) - Generator: 150036480 tasks generated
[2023-05-11 12:48:12.653] [INFO] com.cw.MonitoringSystem.udpHandle(MonitoringSystem.java:61) - ------------------------------------------------
[2023-05-11 12:48:12.657] [INFO] com.cw.MonitoringSystem.udpHandle(MonitoringSystem.java:70) - Validator: Thu May 11 04:47:19 UTC 2023 total tasks:  136966144, after sampling 100 tasks are correct while 0 are wrong
[2023-05-11 12:48:12.658] [INFO] com.cw.MonitoringSystem.udpHandle(MonitoringSystem.java:71) - *************************************************
[2023-05-11 12:48:12.677] [INFO] com.cw.MonitoringSystem.udpHandle(MonitoringSystem.java:65) - Executor: 136957952 tasks completed. EXE TPS is 2282632.533333333. Waiting queue: 40223. Tasks Pool size: 737
[2023-05-11 12:48:12.677] [INFO] com.cw.MonitoringSystem.udpHandle(MonitoringSystem.java:66) - =================================================
[2023-05-11 12:49:12.651] [INFO] com.cw.MonitoringSystem.udpHandle(MonitoringSystem.java:60) - Generator: 150036480 tasks generated
[2023-05-11 12:49:12.653] [INFO] com.cw.MonitoringSystem.udpHandle(MonitoringSystem.java:61) - ------------------------------------------------
[2023-05-11 12:49:12.657] [INFO] com.cw.MonitoringSystem.udpHandle(MonitoringSystem.java:70) - Validator: Thu May 11 04:48:19 UTC 2023 total tasks:  137531392, after sampling 100 tasks are correct while 0 are wrong
[2023-05-11 12:49:12.658] [INFO] com.cw.MonitoringSystem.udpHandle(MonitoringSystem.java:71) - *************************************************
[2023-05-11 12:49:12.678] [INFO] com.cw.MonitoringSystem.udpHandle(MonitoringSystem.java:65) - Executor: 137537536 tasks completed. EXE TPS is 2292292.2666666666. Waiting queue: 40169. Tasks Pool size: 791
[2023-05-11 12:49:12.678] [INFO] com.cw.MonitoringSystem.udpHandle(MonitoringSystem.java:66) - =================================================
[2023-05-11 12:50:12.651] [INFO] com.cw.MonitoringSystem.udpHandle(MonitoringSystem.java:60) - Generator: 150036480 tasks generated
[2023-05-11 12:50:12.653] [INFO] com.cw.MonitoringSystem.udpHandle(MonitoringSystem.java:61) - ------------------------------------------------
[2023-05-11 12:50:12.657] [INFO] com.cw.MonitoringSystem.udpHandle(MonitoringSystem.java:70) - Validator: Thu May 11 04:49:19 UTC 2023 total tasks:  137183232, after sampling 100 tasks are correct while 0 are wrong
[2023-05-11 12:50:12.658] [INFO] com.cw.MonitoringSystem.udpHandle(MonitoringSystem.java:71) - *************************************************
[2023-05-11 12:50:12.678] [INFO] com.cw.MonitoringSystem.udpHandle(MonitoringSystem.java:65) - Executor: 137179136 tasks completed. EXE TPS is 2286318.933333333. Waiting queue: 40197. Tasks Pool size: 763
[2023-05-11 12:50:12.678] [INFO] com.cw.MonitoringSystem.udpHandle(MonitoringSystem.java:66) - =================================================
[2023-05-11 12:51:12.652] [INFO] com.cw.MonitoringSystem.udpHandle(MonitoringSystem.java:60) - Generator: 150036480 tasks generated
[2023-05-11 12:51:12.655] [INFO] com.cw.MonitoringSystem.udpHandle(MonitoringSystem.java:61) - ------------------------------------------------
[2023-05-11 12:51:12.662] [INFO] com.cw.MonitoringSystem.udpHandle(MonitoringSystem.java:70) - Validator: Thu May 11 04:50:19 UTC 2023 total tasks:  137211904, after sampling 100 tasks are correct while 0 are wrong
[2023-05-11 12:51:12.663] [INFO] com.cw.MonitoringSystem.udpHandle(MonitoringSystem.java:71) - *************************************************
[2023-05-11 12:51:12.678] [INFO] com.cw.MonitoringSystem.udpHandle(MonitoringSystem.java:65) - Executor: 137218048 tasks completed. EXE TPS is 2286967.466666667. Waiting queue: 40222. Tasks Pool size: 738
[2023-05-11 12:51:12.679] [INFO] com.cw.MonitoringSystem.udpHandle(MonitoringSystem.java:66) - =================================================
[2023-05-11 12:52:12.652] [INFO] com.cw.MonitoringSystem.udpHandle(MonitoringSystem.java:60) - Generator: 150036480 tasks generated
[2023-05-11 12:52:12.654] [INFO] com.cw.MonitoringSystem.udpHandle(MonitoringSystem.java:61) - ------------------------------------------------
[2023-05-11 12:52:12.659] [INFO] com.cw.MonitoringSystem.udpHandle(MonitoringSystem.java:70) - Validator: Thu May 11 04:51:19 UTC 2023 total tasks:  137476096, after sampling 100 tasks are correct while 0 are wrong
[2023-05-11 12:52:12.659] [INFO] com.cw.MonitoringSystem.udpHandle(MonitoringSystem.java:71) - *************************************************
[2023-05-11 12:52:12.679] [INFO] com.cw.MonitoringSystem.udpHandle(MonitoringSystem.java:65) - Executor: 137480192 tasks completed. EXE TPS is 2291336.533333333. Waiting queue: 40214. Tasks Pool size: 746
[2023-05-11 12:52:12.680] [INFO] com.cw.MonitoringSystem.udpHandle(MonitoringSystem.java:66) - =================================================
[2023-05-11 12:53:12.653] [INFO] com.cw.MonitoringSystem.udpHandle(MonitoringSystem.java:60) - Generator: 150036480 tasks generated
[2023-05-11 12:53:12.655] [INFO] com.cw.MonitoringSystem.udpHandle(MonitoringSystem.java:61) - ------------------------------------------------
[2023-05-11 12:53:12.660] [INFO] com.cw.MonitoringSystem.udpHandle(MonitoringSystem.java:70) - Validator: Thu May 11 04:52:19 UTC 2023 total tasks:  137287680, after sampling 100 tasks are correct while 0 are wrong
[2023-05-11 12:53:12.660] [INFO] com.cw.MonitoringSystem.udpHandle(MonitoringSystem.java:71) - *************************************************
[2023-05-11 12:53:12.680] [INFO] com.cw.MonitoringSystem.udpHandle(MonitoringSystem.java:65) - Executor: 137273344 tasks completed. EXE TPS is 2287889.066666667. Waiting queue: 40227. Tasks Pool size: 733
[2023-05-11 12:53:12.680] [INFO] com.cw.MonitoringSystem.udpHandle(MonitoringSystem.java:66) - =================================================
[2023-05-11 12:54:12.654] [INFO] com.cw.MonitoringSystem.udpHandle(MonitoringSystem.java:60) - Generator: 150036480 tasks generated
[2023-05-11 12:54:12.656] [INFO] com.cw.MonitoringSystem.udpHandle(MonitoringSystem.java:61) - ------------------------------------------------
[2023-05-11 12:54:12.665] [INFO] com.cw.MonitoringSystem.udpHandle(MonitoringSystem.java:70) - Validator: Thu May 11 04:53:19 UTC 2023 total tasks:  137289728, after sampling 100 tasks are correct while 0 are wrong
[2023-05-11 12:54:12.666] [INFO] com.cw.MonitoringSystem.udpHandle(MonitoringSystem.java:71) - *************************************************
[2023-05-11 12:54:12.680] [INFO] com.cw.MonitoringSystem.udpHandle(MonitoringSystem.java:65) - Executor: 137304064 tasks completed. EXE TPS is 2288401.066666667. Waiting queue: 40223. Tasks Pool size: 737
[2023-05-11 12:54:12.680] [INFO] com.cw.MonitoringSystem.udpHandle(MonitoringSystem.java:66) - =================================================
[2023-05-11 12:55:12.654] [INFO] com.cw.MonitoringSystem.udpHandle(MonitoringSystem.java:60) - Generator: 150036480 tasks generated
[2023-05-11 12:55:12.657] [INFO] com.cw.MonitoringSystem.udpHandle(MonitoringSystem.java:61) - ------------------------------------------------
[2023-05-11 12:55:12.664] [INFO] com.cw.MonitoringSystem.udpHandle(MonitoringSystem.java:70) - Validator: Thu May 11 04:54:19 UTC 2023 total tasks:  135057408, after sampling 100 tasks are correct while 0 are wrong
[2023-05-11 12:55:12.667] [INFO] com.cw.MonitoringSystem.udpHandle(MonitoringSystem.java:71) - *************************************************
[2023-05-11 12:55:12.680] [INFO] com.cw.MonitoringSystem.udpHandle(MonitoringSystem.java:65) - Executor: 135051264 tasks completed. EXE TPS is 2250854.4. Waiting queue: 40255. Tasks Pool size: 705
[2023-05-11 12:55:12.681] [INFO] com.cw.MonitoringSystem.udpHandle(MonitoringSystem.java:66) - =================================================
[2023-05-11 12:56:12.655] [INFO] com.cw.MonitoringSystem.udpHandle(MonitoringSystem.java:60) - Generator: 150036480 tasks generated
[2023-05-11 12:56:12.656] [INFO] com.cw.MonitoringSystem.udpHandle(MonitoringSystem.java:61) - ------------------------------------------------
[2023-05-11 12:56:12.662] [INFO] com.cw.MonitoringSystem.udpHandle(MonitoringSystem.java:70) - Validator: Thu May 11 04:55:19 UTC 2023 total tasks:  134092800, after sampling 100 tasks are correct while 0 are wrong
[2023-05-11 12:56:12.663] [INFO] com.cw.MonitoringSystem.udpHandle(MonitoringSystem.java:71) - *************************************************
[2023-05-11 12:56:12.682] [INFO] com.cw.MonitoringSystem.udpHandle(MonitoringSystem.java:65) - Executor: 134096896 tasks completed. EXE TPS is 2234948.2666666666. Waiting queue: 40250. Tasks Pool size: 710
[2023-05-11 12:56:12.682] [INFO] com.cw.MonitoringSystem.udpHandle(MonitoringSystem.java:66) - =================================================
[2023-05-11 12:57:12.655] [INFO] com.cw.MonitoringSystem.udpHandle(MonitoringSystem.java:60) - Generator: 150036480 tasks generated
[2023-05-11 12:57:12.659] [INFO] com.cw.MonitoringSystem.udpHandle(MonitoringSystem.java:61) - ------------------------------------------------
[2023-05-11 12:57:12.667] [INFO] com.cw.MonitoringSystem.udpHandle(MonitoringSystem.java:70) - Validator: Thu May 11 04:56:19 UTC 2023 total tasks:  134236160, after sampling 100 tasks are correct while 0 are wrong
[2023-05-11 12:57:12.668] [INFO] com.cw.MonitoringSystem.udpHandle(MonitoringSystem.java:71) - *************************************************
[2023-05-11 12:57:12.682] [INFO] com.cw.MonitoringSystem.udpHandle(MonitoringSystem.java:65) - Executor: 134236160 tasks completed. EXE TPS is 2237269.3333333335. Waiting queue: 40235. Tasks Pool size: 725
[2023-05-11 12:57:12.682] [INFO] com.cw.MonitoringSystem.udpHandle(MonitoringSystem.java:66) - =================================================
[2023-05-11 12:58:12.655] [INFO] com.cw.MonitoringSystem.udpHandle(MonitoringSystem.java:60) - Generator: 150036480 tasks generated
[2023-05-11 12:58:12.659] [INFO] com.cw.MonitoringSystem.udpHandle(MonitoringSystem.java:61) - ------------------------------------------------
[2023-05-11 12:58:12.665] [INFO] com.cw.MonitoringSystem.udpHandle(MonitoringSystem.java:70) - Validator: Thu May 11 04:57:19 UTC 2023 total tasks:  134045696, after sampling 100 tasks are correct while 0 are wrong
[2023-05-11 12:58:12.668] [INFO] com.cw.MonitoringSystem.udpHandle(MonitoringSystem.java:71) - *************************************************
[2023-05-11 12:58:12.682] [INFO] com.cw.MonitoringSystem.udpHandle(MonitoringSystem.java:65) - Executor: 134045696 tasks completed. EXE TPS is 2234094.933333333. Waiting queue: 40245. Tasks Pool size: 715
[2023-05-11 12:58:12.682] [INFO] com.cw.MonitoringSystem.udpHandle(MonitoringSystem.java:66) - =================================================
[2023-05-11 12:59:12.657] [INFO] com.cw.MonitoringSystem.udpHandle(MonitoringSystem.java:60) - Generator: 150036480 tasks generated
[2023-05-11 12:59:12.657] [INFO] com.cw.MonitoringSystem.udpHandle(MonitoringSystem.java:61) - ------------------------------------------------
[2023-05-11 12:59:12.665] [INFO] com.cw.MonitoringSystem.udpHandle(MonitoringSystem.java:70) - Validator: Thu May 11 04:58:19 UTC 2023 total tasks:  134111232, after sampling 100 tasks are correct while 0 are wrong
[2023-05-11 12:59:12.665] [INFO] com.cw.MonitoringSystem.udpHandle(MonitoringSystem.java:71) - *************************************************
[2023-05-11 12:59:12.683] [INFO] com.cw.MonitoringSystem.udpHandle(MonitoringSystem.java:65) - Executor: 134111232 tasks completed. EXE TPS is 2235187.2. Waiting queue: 40246. Tasks Pool size: 714
[2023-05-11 12:59:12.683] [INFO] com.cw.MonitoringSystem.udpHandle(MonitoringSystem.java:66) - =================================================
[2023-05-11 13:00:12.657] [INFO] com.cw.MonitoringSystem.udpHandle(MonitoringSystem.java:60) - Generator: 150036480 tasks generated
[2023-05-11 13:00:12.658] [INFO] com.cw.MonitoringSystem.udpHandle(MonitoringSystem.java:61) - ------------------------------------------------
[2023-05-11 13:00:12.665] [INFO] com.cw.MonitoringSystem.udpHandle(MonitoringSystem.java:70) - Validator: Thu May 11 04:59:19 UTC 2023 total tasks:  134727680, after sampling 100 tasks are correct while 0 are wrong
[2023-05-11 13:00:12.666] [INFO] com.cw.MonitoringSystem.udpHandle(MonitoringSystem.java:71) - *************************************************
[2023-05-11 13:00:12.683] [INFO] com.cw.MonitoringSystem.udpHandle(MonitoringSystem.java:65) - Executor: 134727680 tasks completed. EXE TPS is 2245461.3333333335. Waiting queue: 40212. Tasks Pool size: 748
[2023-05-11 13:00:12.684] [INFO] com.cw.MonitoringSystem.udpHandle(MonitoringSystem.java:66) - =================================================
[2023-05-11 13:01:12.657] [INFO] com.cw.MonitoringSystem.udpHandle(MonitoringSystem.java:60) - Generator: 150036480 tasks generated
[2023-05-11 13:01:12.658] [INFO] com.cw.MonitoringSystem.udpHandle(MonitoringSystem.java:61) - ------------------------------------------------
[2023-05-11 13:01:12.664] [INFO] com.cw.MonitoringSystem.udpHandle(MonitoringSystem.java:70) - Validator: Thu May 11 05:00:19 UTC 2023 total tasks:  134279168, after sampling 100 tasks are correct while 0 are wrong
[2023-05-11 13:01:12.664] [INFO] com.cw.MonitoringSystem.udpHandle(MonitoringSystem.java:71) - *************************************************
[2023-05-11 13:01:12.684] [INFO] com.cw.MonitoringSystem.udpHandle(MonitoringSystem.java:65) - Executor: 134279168 tasks completed. EXE TPS is 2237986.1333333333. Waiting queue: 40260. Tasks Pool size: 700
[2023-05-11 13:01:12.684] [INFO] com.cw.MonitoringSystem.udpHandle(MonitoringSystem.java:66) - =================================================
[2023-05-11 13:02:12.657] [INFO] com.cw.MonitoringSystem.udpHandle(MonitoringSystem.java:60) - Generator: 150036480 tasks generated
[2023-05-11 13:02:12.658] [INFO] com.cw.MonitoringSystem.udpHandle(MonitoringSystem.java:61) - ------------------------------------------------
[2023-05-11 13:02:12.664] [INFO] com.cw.MonitoringSystem.udpHandle(MonitoringSystem.java:70) - Validator: Thu May 11 05:01:19 UTC 2023 total tasks:  134674432, after sampling 100 tasks are correct while 0 are wrong
[2023-05-11 13:02:12.665] [INFO] com.cw.MonitoringSystem.udpHandle(MonitoringSystem.java:71) - *************************************************
[2023-05-11 13:02:12.685] [INFO] com.cw.MonitoringSystem.udpHandle(MonitoringSystem.java:65) - Executor: 134676480 tasks completed. EXE TPS is 2244608.0. Waiting queue: 40244. Tasks Pool size: 716
[2023-05-11 13:02:12.686] [INFO] com.cw.MonitoringSystem.udpHandle(MonitoringSystem.java:66) - =================================================
[2023-05-11 13:03:12.658] [INFO] com.cw.MonitoringSystem.udpHandle(MonitoringSystem.java:60) - Generator: 150036480 tasks generated
[2023-05-11 13:03:12.660] [INFO] com.cw.MonitoringSystem.udpHandle(MonitoringSystem.java:61) - ------------------------------------------------
[2023-05-11 13:03:12.665] [INFO] com.cw.MonitoringSystem.udpHandle(MonitoringSystem.java:70) - Validator: Thu May 11 05:02:19 UTC 2023 total tasks:  135104512, after sampling 100 tasks are correct while 0 are wrong
[2023-05-11 13:03:12.666] [INFO] com.cw.MonitoringSystem.udpHandle(MonitoringSystem.java:71) - *************************************************
[2023-05-11 13:03:12.685] [INFO] com.cw.MonitoringSystem.udpHandle(MonitoringSystem.java:65) - Executor: 135100416 tasks completed. EXE TPS is 2251673.6. Waiting queue: 40219. Tasks Pool size: 741
[2023-05-11 13:03:12.685] [INFO] com.cw.MonitoringSystem.udpHandle(MonitoringSystem.java:66) - =================================================
[2023-05-11 13:04:12.658] [INFO] com.cw.MonitoringSystem.udpHandle(MonitoringSystem.java:60) - Generator: 150036480 tasks generated
[2023-05-11 13:04:12.659] [INFO] com.cw.MonitoringSystem.udpHandle(MonitoringSystem.java:61) - ------------------------------------------------
[2023-05-11 13:04:12.665] [INFO] com.cw.MonitoringSystem.udpHandle(MonitoringSystem.java:70) - Validator: Thu May 11 05:03:19 UTC 2023 total tasks:  137377792, after sampling 100 tasks are correct while 0 are wrong
[2023-05-11 13:04:12.665] [INFO] com.cw.MonitoringSystem.udpHandle(MonitoringSystem.java:71) - *************************************************
[2023-05-11 13:04:12.686] [INFO] com.cw.MonitoringSystem.udpHandle(MonitoringSystem.java:65) - Executor: 137408512 tasks completed. EXE TPS is 2290141.8666666667. Waiting queue: 40211. Tasks Pool size: 749
[2023-05-11 13:04:12.686] [INFO] com.cw.MonitoringSystem.udpHandle(MonitoringSystem.java:66) - =================================================
[2023-05-11 13:05:12.659] [INFO] com.cw.MonitoringSystem.udpHandle(MonitoringSystem.java:60) - Generator: 150036480 tasks generated
[2023-05-11 13:05:12.659] [INFO] com.cw.MonitoringSystem.udpHandle(MonitoringSystem.java:61) - ------------------------------------------------
[2023-05-11 13:05:12.666] [INFO] com.cw.MonitoringSystem.udpHandle(MonitoringSystem.java:70) - Validator: Thu May 11 05:04:19 UTC 2023 total tasks:  137576448, after sampling 100 tasks are correct while 0 are wrong
[2023-05-11 13:05:12.666] [INFO] com.cw.MonitoringSystem.udpHandle(MonitoringSystem.java:71) - *************************************************
[2023-05-11 13:05:12.686] [INFO] com.cw.MonitoringSystem.udpHandle(MonitoringSystem.java:65) - Executor: 137545728 tasks completed. EXE TPS is 2292428.8. Waiting queue: 40203. Tasks Pool size: 757
[2023-05-11 13:05:12.686] [INFO] com.cw.MonitoringSystem.udpHandle(MonitoringSystem.java:66) - =================================================
[2023-05-11 13:06:12.659] [INFO] com.cw.MonitoringSystem.udpHandle(MonitoringSystem.java:60) - Generator: 150036480 tasks generated
[2023-05-11 13:06:12.659] [INFO] com.cw.MonitoringSystem.udpHandle(MonitoringSystem.java:61) - ------------------------------------------------
[2023-05-11 13:06:12.666] [INFO] com.cw.MonitoringSystem.udpHandle(MonitoringSystem.java:70) - Validator: Thu May 11 05:05:19 UTC 2023 total tasks:  137248768, after sampling 100 tasks are correct while 0 are wrong
[2023-05-11 13:06:12.666] [INFO] com.cw.MonitoringSystem.udpHandle(MonitoringSystem.java:71) - *************************************************
[2023-05-11 13:06:12.687] [INFO] com.cw.MonitoringSystem.udpHandle(MonitoringSystem.java:65) - Executor: 137240576 tasks completed. EXE TPS is 2287342.933333333. Waiting queue: 40226. Tasks Pool size: 734
[2023-05-11 13:06:12.687] [INFO] com.cw.MonitoringSystem.udpHandle(MonitoringSystem.java:66) - =================================================
[2023-05-11 13:07:12.660] [INFO] com.cw.MonitoringSystem.udpHandle(MonitoringSystem.java:60) - Generator: 150036480 tasks generated
[2023-05-11 13:07:12.660] [INFO] com.cw.MonitoringSystem.udpHandle(MonitoringSystem.java:61) - ------------------------------------------------
[2023-05-11 13:07:12.667] [INFO] com.cw.MonitoringSystem.udpHandle(MonitoringSystem.java:70) - Validator: Thu May 11 05:06:19 UTC 2023 total tasks:  137281536, after sampling 100 tasks are correct while 0 are wrong
[2023-05-11 13:07:12.667] [INFO] com.cw.MonitoringSystem.udpHandle(MonitoringSystem.java:71) - *************************************************
[2023-05-11 13:07:12.692] [INFO] com.cw.MonitoringSystem.udpHandle(MonitoringSystem.java:65) - Executor: 137289728 tasks completed. EXE TPS is 2288162.1333333333. Waiting queue: 40192. Tasks Pool size: 769
[2023-05-11 13:07:12.692] [INFO] com.cw.MonitoringSystem.udpHandle(MonitoringSystem.java:66) - =================================================
[2023-05-11 13:08:12.660] [INFO] com.cw.MonitoringSystem.udpHandle(MonitoringSystem.java:60) - Generator: 150036480 tasks generated
[2023-05-11 13:08:12.661] [INFO] com.cw.MonitoringSystem.udpHandle(MonitoringSystem.java:61) - ------------------------------------------------
[2023-05-11 13:08:12.667] [INFO] com.cw.MonitoringSystem.udpHandle(MonitoringSystem.java:70) - Validator: Thu May 11 05:07:19 UTC 2023 total tasks:  137281536, after sampling 100 tasks are correct while 0 are wrong
[2023-05-11 13:08:12.667] [INFO] com.cw.MonitoringSystem.udpHandle(MonitoringSystem.java:71) - *************************************************
[2023-05-11 13:08:12.688] [INFO] com.cw.MonitoringSystem.udpHandle(MonitoringSystem.java:65) - Executor: 137283584 tasks completed. EXE TPS is 2288059.7333333334. Waiting queue: 40221. Tasks Pool size: 739
[2023-05-11 13:08:12.688] [INFO] com.cw.MonitoringSystem.udpHandle(MonitoringSystem.java:66) - =================================================
[2023-05-11 13:09:12.661] [INFO] com.cw.MonitoringSystem.udpHandle(MonitoringSystem.java:60) - Generator: 150036480 tasks generated
[2023-05-11 13:09:12.665] [INFO] com.cw.MonitoringSystem.udpHandle(MonitoringSystem.java:61) - ------------------------------------------------
[2023-05-11 13:09:12.667] [INFO] com.cw.MonitoringSystem.udpHandle(MonitoringSystem.java:70) - Validator: Thu May 11 05:08:19 UTC 2023 total tasks:  137134080, after sampling 100 tasks are correct while 0 are wrong
[2023-05-11 13:09:12.668] [INFO] com.cw.MonitoringSystem.udpHandle(MonitoringSystem.java:71) - *************************************************
[2023-05-11 13:09:12.689] [INFO] com.cw.MonitoringSystem.udpHandle(MonitoringSystem.java:65) - Executor: 137129984 tasks completed. EXE TPS is 2285499.7333333334. Waiting queue: 40216. Tasks Pool size: 745
[2023-05-11 13:09:12.689] [INFO] com.cw.MonitoringSystem.udpHandle(MonitoringSystem.java:66) - =================================================
[2023-05-11 13:10:12.661] [INFO] com.cw.MonitoringSystem.udpHandle(MonitoringSystem.java:60) - Generator: 150036480 tasks generated
[2023-05-11 13:10:12.661] [INFO] com.cw.MonitoringSystem.udpHandle(MonitoringSystem.java:61) - ------------------------------------------------
[2023-05-11 13:10:12.668] [INFO] com.cw.MonitoringSystem.udpHandle(MonitoringSystem.java:70) - Validator: Thu May 11 05:09:19 UTC 2023 total tasks:  137304064, after sampling 100 tasks are correct while 0 are wrong
[2023-05-11 13:10:12.668] [INFO] com.cw.MonitoringSystem.udpHandle(MonitoringSystem.java:71) - *************************************************
[2023-05-11 13:10:12.688] [INFO] com.cw.MonitoringSystem.udpHandle(MonitoringSystem.java:65) - Executor: 137302016 tasks completed. EXE TPS is 2288366.933333333. Waiting queue: 40213. Tasks Pool size: 747
[2023-05-11 13:10:12.689] [INFO] com.cw.MonitoringSystem.udpHandle(MonitoringSystem.java:66) - =================================================
[2023-05-11 13:11:12.661] [INFO] com.cw.MonitoringSystem.udpHandle(MonitoringSystem.java:60) - Generator: 150036480 tasks generated
[2023-05-11 13:11:12.662] [INFO] com.cw.MonitoringSystem.udpHandle(MonitoringSystem.java:61) - ------------------------------------------------
[2023-05-11 13:11:12.668] [INFO] com.cw.MonitoringSystem.udpHandle(MonitoringSystem.java:70) - Validator: Thu May 11 05:10:19 UTC 2023 total tasks:  137377792, after sampling 100 tasks are correct while 0 are wrong
[2023-05-11 13:11:12.668] [INFO] com.cw.MonitoringSystem.udpHandle(MonitoringSystem.java:71) - *************************************************
[2023-05-11 13:11:12.688] [INFO] com.cw.MonitoringSystem.udpHandle(MonitoringSystem.java:65) - Executor: 137381888 tasks completed. EXE TPS is 2289698.1333333333. Waiting queue: 40216. Tasks Pool size: 744
[2023-05-11 13:11:12.689] [INFO] com.cw.MonitoringSystem.udpHandle(MonitoringSystem.java:66) - =================================================
[2023-05-11 13:12:12.662] [INFO] com.cw.MonitoringSystem.udpHandle(MonitoringSystem.java:60) - Generator: 150036480 tasks generated
[2023-05-11 13:12:12.663] [INFO] com.cw.MonitoringSystem.udpHandle(MonitoringSystem.java:61) - ------------------------------------------------
[2023-05-11 13:12:12.668] [INFO] com.cw.MonitoringSystem.udpHandle(MonitoringSystem.java:70) - Validator: Thu May 11 05:11:19 UTC 2023 total tasks:  137404416, after sampling 100 tasks are correct while 0 are wrong
[2023-05-11 13:12:12.671] [INFO] com.cw.MonitoringSystem.udpHandle(MonitoringSystem.java:71) - *************************************************
[2023-05-11 13:12:12.687] [INFO] com.cw.MonitoringSystem.udpHandle(MonitoringSystem.java:65) - Executor: 137379840 tasks completed. EXE TPS is 2289664.0. Waiting queue: 40214. Tasks Pool size: 746
[2023-05-11 13:12:12.687] [INFO] com.cw.MonitoringSystem.udpHandle(MonitoringSystem.java:66) - =================================================
[2023-05-11 13:13:12.663] [INFO] com.cw.MonitoringSystem.udpHandle(MonitoringSystem.java:60) - Generator: 150036480 tasks generated
[2023-05-11 13:13:12.664] [INFO] com.cw.MonitoringSystem.udpHandle(MonitoringSystem.java:61) - ------------------------------------------------
[2023-05-11 13:13:12.669] [INFO] com.cw.MonitoringSystem.udpHandle(MonitoringSystem.java:70) - Validator: Thu May 11 05:12:19 UTC 2023 total tasks:  137261056, after sampling 100 tasks are correct while 0 are wrong
[2023-05-11 13:13:12.670] [INFO] com.cw.MonitoringSystem.udpHandle(MonitoringSystem.java:71) - *************************************************
[2023-05-11 13:13:12.688] [INFO] com.cw.MonitoringSystem.udpHandle(MonitoringSystem.java:65) - Executor: 137281536 tasks completed. EXE TPS is 2288025.6. Waiting queue: 40199. Tasks Pool size: 761
[2023-05-11 13:13:12.688] [INFO] com.cw.MonitoringSystem.udpHandle(MonitoringSystem.java:66) - =================================================
[2023-05-11 13:14:12.663] [INFO] com.cw.MonitoringSystem.udpHandle(MonitoringSystem.java:60) - Generator: 150036480 tasks generated
[2023-05-11 13:14:12.665] [INFO] com.cw.MonitoringSystem.udpHandle(MonitoringSystem.java:61) - ------------------------------------------------
[2023-05-11 13:14:12.669] [INFO] com.cw.MonitoringSystem.udpHandle(MonitoringSystem.java:70) - Validator: Thu May 11 05:13:19 UTC 2023 total tasks:  137095168, after sampling 100 tasks are correct while 0 are wrong
[2023-05-11 13:14:12.670] [INFO] com.cw.MonitoringSystem.udpHandle(MonitoringSystem.java:71) - *************************************************
[2023-05-11 13:14:12.687] [INFO] com.cw.MonitoringSystem.udpHandle(MonitoringSystem.java:65) - Executor: 137093120 tasks completed. EXE TPS is 2284885.3333333335. Waiting queue: 40197. Tasks Pool size: 762
[2023-05-11 13:14:12.687] [INFO] com.cw.MonitoringSystem.udpHandle(MonitoringSystem.java:66) - =================================================
[2023-05-11 13:15:12.664] [INFO] com.cw.MonitoringSystem.udpHandle(MonitoringSystem.java:60) - Generator: 150036480 tasks generated
[2023-05-11 13:15:12.665] [INFO] com.cw.MonitoringSystem.udpHandle(MonitoringSystem.java:61) - ------------------------------------------------
[2023-05-11 13:15:12.670] [INFO] com.cw.MonitoringSystem.udpHandle(MonitoringSystem.java:70) - Validator: Thu May 11 05:14:19 UTC 2023 total tasks:  137156608, after sampling 100 tasks are correct while 0 are wrong
[2023-05-11 13:15:12.670] [INFO] com.cw.MonitoringSystem.udpHandle(MonitoringSystem.java:71) - *************************************************
[2023-05-11 13:15:12.687] [INFO] com.cw.MonitoringSystem.udpHandle(MonitoringSystem.java:65) - Executor: 137156608 tasks completed. EXE TPS is 2285943.466666667. Waiting queue: 40207. Tasks Pool size: 753
[2023-05-11 13:15:12.688] [INFO] com.cw.MonitoringSystem.udpHandle(MonitoringSystem.java:66) - =================================================
[2023-05-11 13:16:12.664] [INFO] com.cw.MonitoringSystem.udpHandle(MonitoringSystem.java:60) - Generator: 150036480 tasks generated
[2023-05-11 13:16:12.665] [INFO] com.cw.MonitoringSystem.udpHandle(MonitoringSystem.java:61) - ------------------------------------------------
[2023-05-11 13:16:12.670] [INFO] com.cw.MonitoringSystem.udpHandle(MonitoringSystem.java:70) - Validator: Thu May 11 05:15:19 UTC 2023 total tasks:  137109504, after sampling 100 tasks are correct while 0 are wrong
[2023-05-11 13:16:12.671] [INFO] com.cw.MonitoringSystem.udpHandle(MonitoringSystem.java:71) - *************************************************
[2023-05-11 13:16:12.687] [INFO] com.cw.MonitoringSystem.udpHandle(MonitoringSystem.java:65) - Executor: 137089024 tasks completed. EXE TPS is 2284817.066666667. Waiting queue: 40215. Tasks Pool size: 745
[2023-05-11 13:16:12.687] [INFO] com.cw.MonitoringSystem.udpHandle(MonitoringSystem.java:66) - =================================================
[2023-05-11 13:17:12.665] [INFO] com.cw.MonitoringSystem.udpHandle(MonitoringSystem.java:60) - Generator: 150036480 tasks generated
[2023-05-11 13:17:12.667] [INFO] com.cw.MonitoringSystem.udpHandle(MonitoringSystem.java:61) - ------------------------------------------------
[2023-05-11 13:17:12.674] [INFO] com.cw.MonitoringSystem.udpHandle(MonitoringSystem.java:70) - Validator: Thu May 11 05:16:19 UTC 2023 total tasks:  137121792, after sampling 100 tasks are correct while 0 are wrong
[2023-05-11 13:17:12.675] [INFO] com.cw.MonitoringSystem.udpHandle(MonitoringSystem.java:71) - *************************************************
[2023-05-11 13:17:12.687] [INFO] com.cw.MonitoringSystem.udpHandle(MonitoringSystem.java:65) - Executor: 137134080 tasks completed. EXE TPS is 2285568.0. Waiting queue: 40195. Tasks Pool size: 765
[2023-05-11 13:17:12.688] [INFO] com.cw.MonitoringSystem.udpHandle(MonitoringSystem.java:66) - =================================================
[2023-05-11 13:18:12.665] [INFO] com.cw.MonitoringSystem.udpHandle(MonitoringSystem.java:60) - Generator: 150036480 tasks generated
[2023-05-11 13:18:12.667] [INFO] com.cw.MonitoringSystem.udpHandle(MonitoringSystem.java:61) - ------------------------------------------------
[2023-05-11 13:18:12.673] [INFO] com.cw.MonitoringSystem.udpHandle(MonitoringSystem.java:70) - Validator: Thu May 11 05:17:19 UTC 2023 total tasks:  137263104, after sampling 100 tasks are correct while 0 are wrong
[2023-05-11 13:18:12.674] [INFO] com.cw.MonitoringSystem.udpHandle(MonitoringSystem.java:71) - *************************************************
[2023-05-11 13:18:12.688] [INFO] com.cw.MonitoringSystem.udpHandle(MonitoringSystem.java:65) - Executor: 137265152 tasks completed. EXE TPS is 2287752.533333333. Waiting queue: 40205. Tasks Pool size: 755
[2023-05-11 13:18:12.688] [INFO] com.cw.MonitoringSystem.udpHandle(MonitoringSystem.java:66) - =================================================
[2023-05-11 13:19:12.666] [INFO] com.cw.MonitoringSystem.udpHandle(MonitoringSystem.java:60) - Generator: 150036480 tasks generated
[2023-05-11 13:19:12.667] [INFO] com.cw.MonitoringSystem.udpHandle(MonitoringSystem.java:61) - ------------------------------------------------
[2023-05-11 13:19:12.671] [INFO] com.cw.MonitoringSystem.udpHandle(MonitoringSystem.java:70) - Validator: Thu May 11 05:18:19 UTC 2023 total tasks:  137035776, after sampling 100 tasks are correct while 0 are wrong
[2023-05-11 13:19:12.672] [INFO] com.cw.MonitoringSystem.udpHandle(MonitoringSystem.java:71) - *************************************************
[2023-05-11 13:19:12.688] [INFO] com.cw.MonitoringSystem.udpHandle(MonitoringSystem.java:65) - Executor: 137029632 tasks completed. EXE TPS is 2283827.2. Waiting queue: 40207. Tasks Pool size: 753
[2023-05-11 13:19:12.688] [INFO] com.cw.MonitoringSystem.udpHandle(MonitoringSystem.java:66) - =================================================
[2023-05-11 13:20:12.667] [INFO] com.cw.MonitoringSystem.udpHandle(MonitoringSystem.java:60) - Generator: 150036480 tasks generated
[2023-05-11 13:20:12.668] [INFO] com.cw.MonitoringSystem.udpHandle(MonitoringSystem.java:61) - ------------------------------------------------
[2023-05-11 13:20:12.675] [INFO] com.cw.MonitoringSystem.udpHandle(MonitoringSystem.java:70) - Validator: Thu May 11 05:19:19 UTC 2023 total tasks:  137623552, after sampling 100 tasks are correct while 0 are wrong
[2023-05-11 13:20:12.677] [INFO] com.cw.MonitoringSystem.udpHandle(MonitoringSystem.java:71) - *************************************************
[2023-05-11 13:20:12.688] [INFO] com.cw.MonitoringSystem.udpHandle(MonitoringSystem.java:65) - Executor: 137633792 tasks completed. EXE TPS is 2293896.533333333. Waiting queue: 40199. Tasks Pool size: 761
[2023-05-11 13:20:12.689] [INFO] com.cw.MonitoringSystem.udpHandle(MonitoringSystem.java:66) - =================================================
[2023-05-11 13:21:12.667] [INFO] com.cw.MonitoringSystem.udpHandle(MonitoringSystem.java:60) - Generator: 150036480 tasks generated
[2023-05-11 13:21:12.669] [INFO] com.cw.MonitoringSystem.udpHandle(MonitoringSystem.java:61) - ------------------------------------------------
[2023-05-11 13:21:12.674] [INFO] com.cw.MonitoringSystem.udpHandle(MonitoringSystem.java:70) - Validator: Thu May 11 05:20:19 UTC 2023 total tasks:  137230336, after sampling 100 tasks are correct while 0 are wrong
[2023-05-11 13:21:12.674] [INFO] com.cw.MonitoringSystem.udpHandle(MonitoringSystem.java:71) - *************************************************
[2023-05-11 13:21:12.688] [INFO] com.cw.MonitoringSystem.udpHandle(MonitoringSystem.java:65) - Executor: 137230336 tasks completed. EXE TPS is 2287172.2666666666. Waiting queue: 40197. Tasks Pool size: 762
[2023-05-11 13:21:12.688] [INFO] com.cw.MonitoringSystem.udpHandle(MonitoringSystem.java:66) - =================================================
[2023-05-11 13:22:12.667] [INFO] com.cw.MonitoringSystem.udpHandle(MonitoringSystem.java:60) - Generator: 150036480 tasks generated
[2023-05-11 13:22:12.668] [INFO] com.cw.MonitoringSystem.udpHandle(MonitoringSystem.java:61) - ------------------------------------------------
[2023-05-11 13:22:12.672] [INFO] com.cw.MonitoringSystem.udpHandle(MonitoringSystem.java:70) - Validator: Thu May 11 05:21:19 UTC 2023 total tasks:  135446528, after sampling 100 tasks are correct while 0 are wrong
[2023-05-11 13:22:12.673] [INFO] com.cw.MonitoringSystem.udpHandle(MonitoringSystem.java:71) - *************************************************
[2023-05-11 13:22:12.688] [INFO] com.cw.MonitoringSystem.udpHandle(MonitoringSystem.java:65) - Executor: 135473152 tasks completed. EXE TPS is 2257885.8666666667. Waiting queue: 40209. Tasks Pool size: 751
[2023-05-11 13:22:12.688] [INFO] com.cw.MonitoringSystem.udpHandle(MonitoringSystem.java:66) - =================================================
[2023-05-11 13:23:12.667] [INFO] com.cw.MonitoringSystem.udpHandle(MonitoringSystem.java:60) - Generator: 150036480 tasks generated
[2023-05-11 13:23:12.668] [INFO] com.cw.MonitoringSystem.udpHandle(MonitoringSystem.java:61) - ------------------------------------------------
[2023-05-11 13:23:12.673] [INFO] com.cw.MonitoringSystem.udpHandle(MonitoringSystem.java:70) - Validator: Thu May 11 05:22:19 UTC 2023 total tasks:  134377472, after sampling 100 tasks are correct while 0 are wrong
[2023-05-11 13:23:12.673] [INFO] com.cw.MonitoringSystem.udpHandle(MonitoringSystem.java:71) - *************************************************
[2023-05-11 13:23:12.689] [INFO] com.cw.MonitoringSystem.udpHandle(MonitoringSystem.java:65) - Executor: 134369280 tasks completed. EXE TPS is 2239488.0. Waiting queue: 40177. Tasks Pool size: 783
[2023-05-11 13:23:12.689] [INFO] com.cw.MonitoringSystem.udpHandle(MonitoringSystem.java:66) - =================================================
[2023-05-11 13:24:12.667] [INFO] com.cw.MonitoringSystem.udpHandle(MonitoringSystem.java:60) - Generator: 150036480 tasks generated
[2023-05-11 13:24:12.668] [INFO] com.cw.MonitoringSystem.udpHandle(MonitoringSystem.java:61) - ------------------------------------------------
[2023-05-11 13:24:12.672] [INFO] com.cw.MonitoringSystem.udpHandle(MonitoringSystem.java:70) - Validator: Thu May 11 05:23:19 UTC 2023 total tasks:  137265152, after sampling 100 tasks are correct while 0 are wrong
[2023-05-11 13:24:12.673] [INFO] com.cw.MonitoringSystem.udpHandle(MonitoringSystem.java:71) - *************************************************
[2023-05-11 13:24:12.689] [INFO] com.cw.MonitoringSystem.udpHandle(MonitoringSystem.java:65) - Executor: 137244672 tasks completed. EXE TPS is 2287411.2. Waiting queue: 40172. Tasks Pool size: 788
[2023-05-11 13:24:12.689] [INFO] com.cw.MonitoringSystem.udpHandle(MonitoringSystem.java:66) - =================================================
[2023-05-11 13:25:12.669] [INFO] com.cw.MonitoringSystem.udpHandle(MonitoringSystem.java:60) - Generator: 150036480 tasks generated
[2023-05-11 13:25:12.669] [INFO] com.cw.MonitoringSystem.udpHandle(MonitoringSystem.java:61) - ------------------------------------------------
[2023-05-11 13:25:12.673] [INFO] com.cw.MonitoringSystem.udpHandle(MonitoringSystem.java:70) - Validator: Thu May 11 05:24:19 UTC 2023 total tasks:  137271296, after sampling 100 tasks are correct while 0 are wrong
[2023-05-11 13:25:12.674] [INFO] com.cw.MonitoringSystem.udpHandle(MonitoringSystem.java:71) - *************************************************
[2023-05-11 13:25:12.689] [INFO] com.cw.MonitoringSystem.udpHandle(MonitoringSystem.java:65) - Executor: 137267200 tasks completed. EXE TPS is 2287786.6666666665. Waiting queue: 40196. Tasks Pool size: 764
[2023-05-11 13:25:12.690] [INFO] com.cw.MonitoringSystem.udpHandle(MonitoringSystem.java:66) - =================================================
[2023-05-11 13:26:12.669] [INFO] com.cw.MonitoringSystem.udpHandle(MonitoringSystem.java:60) - Generator: 150036480 tasks generated
[2023-05-11 13:26:12.670] [INFO] com.cw.MonitoringSystem.udpHandle(MonitoringSystem.java:61) - ------------------------------------------------
[2023-05-11 13:26:12.673] [INFO] com.cw.MonitoringSystem.udpHandle(MonitoringSystem.java:70) - Validator: Thu May 11 05:25:19 UTC 2023 total tasks:  137228288, after sampling 100 tasks are correct while 0 are wrong
[2023-05-11 13:26:12.674] [INFO] com.cw.MonitoringSystem.udpHandle(MonitoringSystem.java:71) - *************************************************
[2023-05-11 13:26:12.690] [INFO] com.cw.MonitoringSystem.udpHandle(MonitoringSystem.java:65) - Executor: 137224192 tasks completed. EXE TPS is 2287069.8666666667. Waiting queue: 40190. Tasks Pool size: 770
[2023-05-11 13:26:12.690] [INFO] com.cw.MonitoringSystem.udpHandle(MonitoringSystem.java:66) - =================================================
[2023-05-11 13:27:12.668] [INFO] com.cw.MonitoringSystem.udpHandle(MonitoringSystem.java:60) - Generator: 150036480 tasks generated
[2023-05-11 13:27:12.668] [INFO] com.cw.MonitoringSystem.udpHandle(MonitoringSystem.java:61) - ------------------------------------------------
[2023-05-11 13:27:12.673] [INFO] com.cw.MonitoringSystem.udpHandle(MonitoringSystem.java:70) - Validator: Thu May 11 05:26:19 UTC 2023 total tasks:  138010624, after sampling 100 tasks are correct while 0 are wrong
[2023-05-11 13:27:12.673] [INFO] com.cw.MonitoringSystem.udpHandle(MonitoringSystem.java:71) - *************************************************
[2023-05-11 13:27:12.690] [INFO] com.cw.MonitoringSystem.udpHandle(MonitoringSystem.java:65) - Executor: 138018816 tasks completed. EXE TPS is 2300313.6. Waiting queue: 40175. Tasks Pool size: 785
[2023-05-11 13:27:12.690] [INFO] com.cw.MonitoringSystem.udpHandle(MonitoringSystem.java:66) - =================================================
[2023-05-11 13:28:12.668] [INFO] com.cw.MonitoringSystem.udpHandle(MonitoringSystem.java:60) - Generator: 150036480 tasks generated
[2023-05-11 13:28:12.669] [INFO] com.cw.MonitoringSystem.udpHandle(MonitoringSystem.java:61) - ------------------------------------------------
[2023-05-11 13:28:12.673] [INFO] com.cw.MonitoringSystem.udpHandle(MonitoringSystem.java:70) - Validator: Thu May 11 05:27:19 UTC 2023 total tasks:  137259008, after sampling 100 tasks are correct while 0 are wrong
[2023-05-11 13:28:12.674] [INFO] com.cw.MonitoringSystem.udpHandle(MonitoringSystem.java:71) - *************************************************
[2023-05-11 13:28:12.690] [INFO] com.cw.MonitoringSystem.udpHandle(MonitoringSystem.java:65) - Executor: 137256960 tasks completed. EXE TPS is 2287616.0. Waiting queue: 40173. Tasks Pool size: 788
[2023-05-11 13:28:12.690] [INFO] com.cw.MonitoringSystem.udpHandle(MonitoringSystem.java:66) - =================================================
[2023-05-11 13:29:12.668] [INFO] com.cw.MonitoringSystem.udpHandle(MonitoringSystem.java:60) - Generator: 150036480 tasks generated
[2023-05-11 13:29:12.669] [INFO] com.cw.MonitoringSystem.udpHandle(MonitoringSystem.java:61) - ------------------------------------------------
[2023-05-11 13:29:12.674] [INFO] com.cw.MonitoringSystem.udpHandle(MonitoringSystem.java:70) - Validator: Thu May 11 05:28:19 UTC 2023 total tasks:  138002432, after sampling 100 tasks are correct while 0 are wrong
[2023-05-11 13:29:12.674] [INFO] com.cw.MonitoringSystem.udpHandle(MonitoringSystem.java:71) - *************************************************
[2023-05-11 13:29:12.690] [INFO] com.cw.MonitoringSystem.udpHandle(MonitoringSystem.java:65) - Executor: 138006528 tasks completed. EXE TPS is 2300108.8. Waiting queue: 40195. Tasks Pool size: 765
[2023-05-11 13:29:12.690] [INFO] com.cw.MonitoringSystem.udpHandle(MonitoringSystem.java:66) - =================================================
[2023-05-11 13:30:12.668] [INFO] com.cw.MonitoringSystem.udpHandle(MonitoringSystem.java:60) - Generator: 150036480 tasks generated
[2023-05-11 13:30:12.669] [INFO] com.cw.MonitoringSystem.udpHandle(MonitoringSystem.java:61) - ------------------------------------------------
[2023-05-11 13:30:12.674] [INFO] com.cw.MonitoringSystem.udpHandle(MonitoringSystem.java:70) - Validator: Thu May 11 05:29:19 UTC 2023 total tasks:  137424896, after sampling 100 tasks are correct while 0 are wrong
[2023-05-11 13:30:12.676] [INFO] com.cw.MonitoringSystem.udpHandle(MonitoringSystem.java:71) - *************************************************
[2023-05-11 13:30:12.691] [INFO] com.cw.MonitoringSystem.udpHandle(MonitoringSystem.java:65) - Executor: 137443328 tasks completed. EXE TPS is 2290722.1333333333. Waiting queue: 40204. Tasks Pool size: 756
[2023-05-11 13:30:12.691] [INFO] com.cw.MonitoringSystem.udpHandle(MonitoringSystem.java:66) - =================================================
[2023-05-11 13:31:12.668] [INFO] com.cw.MonitoringSystem.udpHandle(MonitoringSystem.java:60) - Generator: 150036480 tasks generated
[2023-05-11 13:31:12.669] [INFO] com.cw.MonitoringSystem.udpHandle(MonitoringSystem.java:61) - ------------------------------------------------
[2023-05-11 13:31:12.674] [INFO] com.cw.MonitoringSystem.udpHandle(MonitoringSystem.java:70) - Validator: Thu May 11 05:30:19 UTC 2023 total tasks:  137293824, after sampling 100 tasks are correct while 0 are wrong
[2023-05-11 13:31:12.674] [INFO] com.cw.MonitoringSystem.udpHandle(MonitoringSystem.java:71) - *************************************************
[2023-05-11 13:31:12.691] [INFO] com.cw.MonitoringSystem.udpHandle(MonitoringSystem.java:65) - Executor: 137277440 tasks completed. EXE TPS is 2287957.3333333335. Waiting queue: 40205. Tasks Pool size: 755
[2023-05-11 13:31:12.691] [INFO] com.cw.MonitoringSystem.udpHandle(MonitoringSystem.java:66) - =================================================
[2023-05-11 13:32:12.668] [INFO] com.cw.MonitoringSystem.udpHandle(MonitoringSystem.java:60) - Generator: 150036480 tasks generated
[2023-05-11 13:32:12.669] [INFO] com.cw.MonitoringSystem.udpHandle(MonitoringSystem.java:61) - ------------------------------------------------
[2023-05-11 13:32:12.675] [INFO] com.cw.MonitoringSystem.udpHandle(MonitoringSystem.java:70) - Validator: Thu May 11 05:31:19 UTC 2023 total tasks:  137287680, after sampling 100 tasks are correct while 0 are wrong
[2023-05-11 13:32:12.675] [INFO] com.cw.MonitoringSystem.udpHandle(MonitoringSystem.java:71) - *************************************************
[2023-05-11 13:32:12.691] [INFO] com.cw.MonitoringSystem.udpHandle(MonitoringSystem.java:65) - Executor: 137283584 tasks completed. EXE TPS is 2288059.7333333334. Waiting queue: 40177. Tasks Pool size: 783
[2023-05-11 13:32:12.691] [INFO] com.cw.MonitoringSystem.udpHandle(MonitoringSystem.java:66) - =================================================
